This is pdfTeX, Version 3.14159265-2.6-1.40.15 (TeX Live 2014) (preloaded format=pdflatex 2014.5.25)  26 NOV 2014 16:30
entering extended mode
 restricted \write18 enabled.
 %&-line parsing enabled.
**mvmtl_v6.tex
(./mvmtl_v6.tex
LaTeX2e <2014/05/01>
Babel <3.9k> and hyphenation patterns for 78 languages loaded.
(/usr/local/texlive/2014/texmf-dist/tex/latex/base/article.cls
Document Class: article 2007/10/19 v1.4h Standard LaTeX document class
(/usr/local/texlive/2014/texmf-dist/tex/latex/base/leqno.clo
File: leqno.clo 1998/08/17 v1.1c Standard LaTeX option (left equation numbers)
)
(/usr/local/texlive/2014/texmf-dist/tex/latex/base/size10.clo
File: size10.clo 2007/10/19 v1.4h Standard LaTeX file (size option)
)
\c@part=\count79
\c@section=\count80
\c@subsection=\count81
\c@subsubsection=\count82
\c@paragraph=\count83
\c@subparagraph=\count84
\c@figure=\count85
\c@table=\count86
\abovecaptionskip=\skip41
\belowcaptionskip=\skip42
\bibindent=\dimen102
) (./ltexpprt.sty
*** ACM/SIAM LaTeX2E Preprint Series macro package, version 1.0, September 5, 1
996 ***
\outerparskip=\skip43
\c@@theorem=\count87
\c@@algorithm=\count88
\c@lemma=\count89
\c@fact=\count90
\c@corollary=\count91
\c@axiom=\count92
\c@cond=\count93
\c@property=\count94
\c@proposition=\count95
\c@Conjecture=\count96
\c@Definition=\count97
\c@Lemma=\count98
\c@Remark=\count99
) (./algorithm.sty
Package: algorithm 

Document Style `algorithm' - floating environment
(/usr/local/texlive/2014/texmf-dist/tex/latex/float/float.sty
Package: float 2001/11/08 v1.3d Float enhancements (AL)
\c@float@type=\count100
\float@exts=\toks14
\float@box=\box26
\@float@everytoks=\toks15
\@floatcapt=\box27
)
(/usr/local/texlive/2014/texmf-dist/tex/latex/base/ifthen.sty
Package: ifthen 2001/05/26 v1.1c Standard LaTeX ifthen package (DPC)
)
\@float@every@algorithm=\toks16
\c@algorithm=\count101
)
(./algorithmic.sty
Package: algorithmic 

Document Style `algorithmic' - environment
(/usr/local/texlive/2014/texmf-dist/tex/latex/tools/calc.sty
Package: calc 2007/08/22 v4.3 Infix arithmetic (KKT,FJ)
\calc@Acount=\count102
\calc@Bcount=\count103
\calc@Adimen=\dimen103
\calc@Bdimen=\dimen104
\calc@Askip=\skip44
\calc@Bskip=\skip45
LaTeX Info: Redefining \setlength on input line 75.
LaTeX Info: Redefining \addtolength on input line 76.
\calc@Ccount=\count104
\calc@Cskip=\skip46
)
\c@ALC@line=\count105
\c@ALC@rem=\count106
\ALC@tlm=\skip47
) (./epsf.sty
This is `epsf.tex' v2.7k <10 July 1997>
\epsffilein=\read1
\epsfframemargin=\dimen105
\epsfframethickness=\dimen106
\epsfrsize=\dimen107
\epsftmp=\dimen108
\epsftsize=\dimen109
\epsfxsize=\dimen110
\epsfysize=\dimen111
\pspoints=\dimen112
\epsfnoopenhelp=\toks17
) (/usr/local/texlive/2014/texmf-dist/tex/latex/amsmath/amsmath.sty
Package: amsmath 2013/01/14 v2.14 AMS math features
\@mathmargin=\skip48

For additional information on amsmath, use the `?' option.
(/usr/local/texlive/2014/texmf-dist/tex/latex/amsmath/amstext.sty
Package: amstext 2000/06/29 v2.01

(/usr/local/texlive/2014/texmf-dist/tex/latex/amsmath/amsgen.sty
File: amsgen.sty 1999/11/30 v2.0
\@emptytoks=\toks18
\ex@=\dimen113
))
(/usr/local/texlive/2014/texmf-dist/tex/latex/amsmath/amsbsy.sty
Package: amsbsy 1999/11/29 v1.2d
\pmbraise@=\dimen114
)
(/usr/local/texlive/2014/texmf-dist/tex/latex/amsmath/amsopn.sty
Package: amsopn 1999/12/14 v2.01 operator names
)
\inf@bad=\count107
LaTeX Info: Redefining \frac on input line 210.
\uproot@=\count108
\leftroot@=\count109
LaTeX Info: Redefining \overline on input line 306.
\classnum@=\count110
\DOTSCASE@=\count111
LaTeX Info: Redefining \ldots on input line 378.
LaTeX Info: Redefining \dots on input line 381.
LaTeX Info: Redefining \cdots on input line 466.
\Mathstrutbox@=\box28
\strutbox@=\box29
\big@size=\dimen115
LaTeX Font Info:    Redeclaring font encoding OML on input line 566.
LaTeX Font Info:    Redeclaring font encoding OMS on input line 567.
\macc@depth=\count112
\c@MaxMatrixCols=\count113
\dotsspace@=\muskip10
\c@parentequation=\count114
\dspbrk@lvl=\count115
\tag@help=\toks19
\row@=\count116
\column@=\count117
\maxfields@=\count118
\andhelp@=\toks20
\eqnshift@=\dimen116
\alignsep@=\dimen117
\tagshift@=\dimen118
\tagwidth@=\dimen119
\totwidth@=\dimen120
\lineht@=\dimen121
\@envbody=\toks21
\multlinegap=\skip49
\multlinetaggap=\skip50
\mathdisplay@stack=\toks22
LaTeX Info: Redefining \[ on input line 2665.
LaTeX Info: Redefining \] on input line 2666.
)
(/usr/local/texlive/2014/texmf-dist/tex/latex/amscls/amsthm.sty
Package: amsthm 2004/08/06 v2.20
\thm@style=\toks23
\thm@bodyfont=\toks24
\thm@headfont=\toks25
\thm@notefont=\toks26
\thm@headpunct=\toks27
\thm@preskip=\skip51
\thm@postskip=\skip52
\thm@headsep=\skip53
\dth@everypar=\toks28


! LaTeX Error: Command \proof already defined.
               Or name \end... illegal, see p.192 of the manual.

See the LaTeX manual or LaTeX Companion for explanation.
Type  H <return>  for immediate help.
 ...                                              
                                                  
l.444 }
       
Your command was ignored.
Type  I <command> <return>  to replace it with another command,
or  <return>  to continue without it.

) (./graphicx.sty
Package: graphicx 1999/02/16 v1.0f Enhanced LaTeX Graphics (DPC,SPQR)
 (./keyval.sty
Package: keyval 1999/03/16 v1.13 key=value parser (DPC)
\KV@toks@=\toks29
) (./graphics.sty
Package: graphics 1996/10/31 v1.0c Standard LaTeX Graphics (DPC,SPQR)
 (./trig.sty
Package: trig 1999/03/16 v1.09 sin cos tan (DPC)
)
(/usr/local/texlive/2014/texmf-dist/tex/latex/latexconfig/graphics.cfg
File: graphics.cfg 2010/04/23 v1.9 graphics configuration of TeX Live
)
Package graphics Info: Driver file: pdftex.def on input line 82.

(/usr/local/texlive/2014/texmf-dist/tex/latex/pdftex-def/pdftex.def
File: pdftex.def 2011/05/27 v0.06d Graphics/color for pdfTeX

(/usr/local/texlive/2014/texmf-dist/tex/generic/oberdiek/infwarerr.sty
Package: infwarerr 2010/04/08 v1.3 Providing info/warning/error messages (HO)
)
(/usr/local/texlive/2014/texmf-dist/tex/generic/oberdiek/ltxcmds.sty
Package: ltxcmds 2011/11/09 v1.22 LaTeX kernel commands for general use (HO)
)
\Gread@gobject=\count119
))
\Gin@req@height=\dimen122
\Gin@req@width=\dimen123
)
(/usr/local/texlive/2014/texmf-dist/tex/latex/graphics/color.sty
Package: color 2014/04/23 v1.1a Standard LaTeX Color (DPC)

(/usr/local/texlive/2014/texmf-dist/tex/latex/latexconfig/color.cfg
File: color.cfg 2007/01/18 v1.5 color configuration of teTeX/TeXLive
)
Package color Info: Driver file: pdftex.def on input line 137.
)
(/usr/local/texlive/2014/texmf-dist/tex/latex/amsfonts/amssymb.sty
Package: amssymb 2013/01/14 v3.01 AMS font symbols

(/usr/local/texlive/2014/texmf-dist/tex/latex/amsfonts/amsfonts.sty
Package: amsfonts 2013/01/14 v3.01 Basic AMSFonts support
\symAMSa=\mathgroup4
\symAMSb=\mathgroup5
LaTeX Font Info:    Overwriting math alphabet `\mathfrak' in version `bold'
(Font)                  U/euf/m/n --> U/euf/b/n on input line 106.
))
(./mvmtl_v6.aux)
\openout1 = `mvmtl_v6.aux'.

LaTeX Font Info:    Checking defaults for OML/cmm/m/it on input line 66.
LaTeX Font Info:    ... okay on input line 66.
LaTeX Font Info:    Checking defaults for T1/cmr/m/n on input line 66.
LaTeX Font Info:    ... okay on input line 66.
LaTeX Font Info:    Checking defaults for OT1/cmr/m/n on input line 66.
LaTeX Font Info:    ... okay on input line 66.
LaTeX Font Info:    Checking defaults for OMS/cmsy/m/n on input line 66.
LaTeX Font Info:    ... okay on input line 66.
LaTeX Font Info:    Checking defaults for OMX/cmex/m/n on input line 66.
LaTeX Font Info:    ... okay on input line 66.
LaTeX Font Info:    Checking defaults for U/cmr/m/n on input line 66.
LaTeX Font Info:    ... okay on input line 66.

(/usr/local/texlive/2014/texmf-dist/tex/context/base/supp-pdf.mkii
[Loading MPS to PDF converter (version 2006.09.02).]
\scratchcounter=\count120
\scratchdimen=\dimen124
\scratchbox=\box30
\nofMPsegments=\count121
\nofMParguments=\count122
\everyMPshowfont=\toks30
\MPscratchCnt=\count123
\MPscratchDim=\dimen125
\MPnumerator=\count124
\makeMPintoPDFobject=\count125
\everyMPtoPDFconversion=\toks31
) (/usr/local/texlive/2014/texmf-dist/tex/generic/oberdiek/pdftexcmds.sty
Package: pdftexcmds 2011/11/29 v0.20 Utility functions of pdfTeX for LuaTeX (HO
)

(/usr/local/texlive/2014/texmf-dist/tex/generic/oberdiek/ifluatex.sty
Package: ifluatex 2010/03/01 v1.3 Provides the ifluatex switch (HO)
Package ifluatex Info: LuaTeX not detected.
)
(/usr/local/texlive/2014/texmf-dist/tex/generic/oberdiek/ifpdf.sty
Package: ifpdf 2011/01/30 v2.3 Provides the ifpdf switch (HO)
Package ifpdf Info: pdfTeX in PDF mode is detected.
)
Package pdftexcmds Info: LuaTeX not detected.
Package pdftexcmds Info: \pdf@primitive is available.
Package pdftexcmds Info: \pdf@ifprimitive is available.
Package pdftexcmds Info: \pdfdraftmode found.
)
(/usr/local/texlive/2014/texmf-dist/tex/latex/oberdiek/epstopdf-base.sty
Package: epstopdf-base 2010/02/09 v2.5 Base part for package epstopdf

(/usr/local/texlive/2014/texmf-dist/tex/latex/oberdiek/grfext.sty
Package: grfext 2010/08/19 v1.1 Manage graphics extensions (HO)

(/usr/local/texlive/2014/texmf-dist/tex/generic/oberdiek/kvdefinekeys.sty
Package: kvdefinekeys 2011/04/07 v1.3 Define keys (HO)
))
(/usr/local/texlive/2014/texmf-dist/tex/latex/oberdiek/kvoptions.sty
Package: kvoptions 2011/06/30 v3.11 Key value format for package options (HO)

(/usr/local/texlive/2014/texmf-dist/tex/generic/oberdiek/kvsetkeys.sty
Package: kvsetkeys 2012/04/25 v1.16 Key value parser (HO)

(/usr/local/texlive/2014/texmf-dist/tex/generic/oberdiek/etexcmds.sty
Package: etexcmds 2011/02/16 v1.5 Avoid name clashes with e-TeX commands (HO)
Package etexcmds Info: Could not find \expanded.
(etexcmds)             That can mean that you are not using pdfTeX 1.50 or
(etexcmds)             that some package has redefined \expanded.
(etexcmds)             In the latter case, load this package earlier.
)))
Package grfext Info: Graphics extension search list:
(grfext)             [.png,.pdf,.jpg,.mps,.jpeg,.jbig2,.jb2,.PNG,.PDF,.JPG,.JPE
G,.JBIG2,.JB2,.eps]
(grfext)             \AppendGraphicsExtensions on input line 452.

(/usr/local/texlive/2014/texmf-dist/tex/latex/latexconfig/epstopdf-sys.cfg
File: epstopdf-sys.cfg 2010/07/13 v1.3 Configuration of (r)epstopdf for TeX Liv
e
))
LaTeX Font Info:    Try loading font information for U+msa on input line 85.

(/usr/local/texlive/2014/texmf-dist/tex/latex/amsfonts/umsa.fd
File: umsa.fd 2013/01/14 v3.01 AMS symbols A
)
LaTeX Font Info:    Try loading font information for U+msb on input line 85.

(/usr/local/texlive/2014/texmf-dist/tex/latex/amsfonts/umsb.fd
File: umsb.fd 2013/01/14 v3.01 AMS symbols B
)
Underfull \hbox (badness 7613) in paragraph at lines 85--85
[][]\OT1/cmr/m/n/8 Samsung Re-search Amer-ica, San Jose, CA, 95134,
 []


Underfull \hbox (badness 1436) in paragraph at lines 115--137
\OT1/cmr/m/n/10 Many real-world prob-lems in-volve mul-ti-ple re-lated
 []


Overfull \vbox (2.1197pt too high) has occurred while \output is active []


Underfull \vbox (badness 10000) has occurred while \output is active []

 [1{/usr/local/texlive/2014/texmf-var/fonts/map/pdftex/updmap/pdftex.map}


]
Underfull \vbox (badness 10000) has occurred while \output is active []

LaTeX Font Info:    Try loading font information for OMS+cmr on input line 270.


(/usr/local/texlive/2014/texmf-dist/tex/latex/base/omscmr.fd
File: omscmr.fd 1999/05/25 v2.5h Standard LaTeX font definitions
)
LaTeX Font Info:    Font shape `OMS/cmr/m/n' in size <10> not available
(Font)              Font shape `OMS/cmsy/m/n' tried instead on input line 270.

Underfull \hbox (badness 1297) in paragraph at lines 270--270
[]$[]\OT1/cmr/m/n/10 (\OML/cmm/m/it/10 S\OT1/cmr/m/n/10 )$: vol-ume of a ma-tri
x $\OML/cmm/m/it/10 S \OMS/cmsy/m/n/10 2 \OML/cmm/m/it/10 R[]$\OT1/cmr/m/n/10 ,

 []


Overfull \hbox (8.75536pt too wide) in paragraph at lines 270--272
 [] 
 []

[2]
Overfull \hbox (3.23868pt too wide) detected at line 321
[]
 []


Underfull \hbox (badness 2165) in paragraph at lines 359--380
\OT1/cmr/m/n/10 clus-tered, which is also a ge-o-met-ri-cal in-ter-pre-ta-
 []

[3]

pdfTeX warning: /usr/texbin/pdflatex (file ./figures/mtl1.pdf): PDF inclusion: 
found PDF version <1.7>, but at most version <1.5> allowed
<figures/mtl1.pdf, id=29, 735.74875pt x 415.5525pt>
File: figures/mtl1.pdf Graphic file (type pdf)
 <use figures/mtl1.pdf>
Package pdftex.def Info: figures/mtl1.pdf used on input line 480.
(pdftex.def)             Requested size: 245.99742pt x 79.49475pt.

Overfull \hbox (4.99742pt too wide) in paragraph at lines 480--481
[][] 
 []



pdfTeX warning: /usr/texbin/pdflatex (file ./figures/mtl2.pdf): PDF inclusion: 
found PDF version <1.7>, but at most version <1.5> allowed
<figures/mtl2.pdf, id=30, 928.46875pt x 820.06375pt>
File: figures/mtl2.pdf Graphic file (type pdf)
 <use figures/mtl2.pdf>
Package pdftex.def Info: figures/mtl2.pdf used on input line 515.
(pdftex.def)             Requested size: 246.00055pt x 93.94872pt.

Overfull \hbox (5.00055pt too wide) in paragraph at lines 515--516
[][] 
 []


Overfull \hbox (0.5042pt too wide) in alignment at lines 537--546
 [][][] []
 []

[4 <./figures/mtl1.pdf> <./figures/mtl2.pdf>]
Overfull \hbox (23.67729pt too wide) in alignment at lines 608--621
 [][][] []
 []


Underfull \vbox (badness 10000) has occurred while \output is active []



pdfTeX warning: /usr/texbin/pdflatex (file ./figures/mtl-cluster.pdf): PDF incl
usion: found PDF version <1.7>, but at most version <1.5> allowed
<figures/mtl-cluster.pdf, id=48, 924.45375pt x 786.94pt>
File: figures/mtl-cluster.pdf Graphic file (type pdf)

<use figures/mtl-cluster.pdf>
Package pdftex.def Info: figures/mtl-cluster.pdf used on input line 633.
(pdftex.def)             Requested size: 245.9947pt x 79.49112pt.

Overfull \hbox (4.9947pt too wide) in paragraph at lines 633--634
[][] 
 []

[5 <./figures/mtl-cluster.pdf>]
Underfull \hbox (badness 2626) in paragraph at lines 692--693
\OT1/cmr/bx/n/10 Lemma 1\OT1/cmr/m/n/10 :(Regularization pa-ram-e-ters) With hi
gh
 []


Underfull \hbox (badness 10000) in paragraph at lines 755--757
 \OT1/cmr/bx/n/10 5.1 Vol-ume Con-trol Study[] \OT1/cmr/m/n/10 In this ex-per-
 []


Underfull \hbox (badness 10000) in paragraph at lines 755--757
\OT1/cmr/m/n/10 i-ment, we show the vol-ume con-trol per-for-
 []


Underfull \hbox (badness 7308) in paragraph at lines 755--757
\OT1/cmr/m/n/10 mance of the pro-posed al-go-rithms. We set
 []


Underfull \hbox (badness 2884) in paragraph at lines 755--757
\OML/cmm/m/it/10  \OT1/cmr/m/n/10 = [0\OML/cmm/m/it/10 ; \OT1/cmr/m/n/10 10\OM
L/cmm/m/it/10 ; \OT1/cmr/m/n/10 20\OML/cmm/m/it/10 ; []  ; \OT1/cmr/m/n/10 50\O
ML/cmm/m/it/10 ; \OT1/cmr/m/n/10 100\OML/cmm/m/it/10 ; \OT1/cmr/m/n/10 200\OML/
cmm/m/it/10 ; []  ; \OT1/cmr/m/n/10 500\OML/cmm/m/it/10 ; \OT1/cmr/m/n/10 1000]
$, and
 []

[6] <figures/alpha_mvmtl1.pdf, id=65, 1327.96124pt x 911.405pt>
File: figures/alpha_mvmtl1.pdf Graphic file (type pdf)

<use figures/alpha_mvmtl1.pdf>
Package pdftex.def Info: figures/alpha_mvmtl1.pdf used on input line 764.
(pdftex.def)             Requested size: 245.9932pt x 93.94112pt.

<figures/alpha_mvmtl2.pdf, id=66, 1327.96124pt x 911.405pt>
File: figures/alpha_mvmtl2.pdf Graphic file (type pdf)

<use figures/alpha_mvmtl2.pdf>
Package pdftex.def Info: figures/alpha_mvmtl2.pdf used on input line 765.
(pdftex.def)             Requested size: 245.9932pt x 93.94112pt.

Overfull \hbox (251.0pt too wide) in paragraph at lines 763--767
 []$[]$ 
 []

<figures/radius_mvmtl1.pdf, id=67, 1327.96124pt x 911.405pt>
File: figures/radius_mvmtl1.pdf Graphic file (type pdf)

<use figures/radius_mvmtl1.pdf>
Package pdftex.def Info: figures/radius_mvmtl1.pdf used on input line 774.
(pdftex.def)             Requested size: 245.9932pt x 93.94112pt.

<figures/radius_mvmtl2.pdf, id=68, 1327.96124pt x 911.405pt>
File: figures/radius_mvmtl2.pdf Graphic file (type pdf)

<use figures/radius_mvmtl2.pdf>
Package pdftex.def Info: figures/radius_mvmtl2.pdf used on input line 775.
(pdftex.def)             Requested size: 245.9932pt x 93.94112pt.

Overfull \hbox (251.0pt too wide) in paragraph at lines 773--777
 []$ 
 []

<figures/AMSE.pdf, id=69, 985.6825pt x 726.715pt>
File: figures/AMSE.pdf Graphic file (type pdf)
 <use figures/AMSE.pdf>
Package pdftex.def Info: figures/AMSE.pdf used on input line 793.
(pdftex.def)             Requested size: 118.08127pt x 93.944pt.

<figures/NMSE.pdf, id=70, 985.6825pt x 726.715pt>
File: figures/NMSE.pdf Graphic file (type pdf)
 <use figures/NMSE.pdf>
Package pdftex.def Info: figures/NMSE.pdf used on input line 794.
(pdftex.def)             Requested size: 118.08127pt x 93.944pt.

<figures/WMSE.pdf, id=71, 985.6825pt x 726.715pt>
File: figures/WMSE.pdf Graphic file (type pdf)
 <use figures/WMSE.pdf>
Package pdftex.def Info: figures/WMSE.pdf used on input line 795.
(pdftex.def)             Requested size: 118.08127pt x 93.944pt.

<figures/WRSE.pdf, id=72, 985.6825pt x 726.715pt>
File: figures/WRSE.pdf Graphic file (type pdf)
 <use figures/WRSE.pdf>
Package pdftex.def Info: figures/WRSE.pdf used on input line 796.
(pdftex.def)             Requested size: 118.08127pt x 93.944pt.

Overfull \hbox (0.68658pt too wide) in paragraph at lines 844--844
[]\OT1/cmr/m/n/5 MVMTL1| 
 []


Overfull \hbox (0.68658pt too wide) in paragraph at lines 846--846
[]\OT1/cmr/m/n/5 MVMTL2| 
 []


Overfull \hbox (55.72102pt too wide) in paragraph at lines 830--849
[][] 
 []


Overfull \hbox (0.68658pt too wide) in paragraph at lines 869--869
[]\OT1/cmr/m/n/5 MVMTL1| 
 []


Overfull \hbox (0.68658pt too wide) in paragraph at lines 871--871
[]\OT1/cmr/m/n/5 MVMTL2| 
 []


Overfull \hbox (54.53236pt too wide) in paragraph at lines 855--874
[][] 
 []


Underfull \vbox (badness 6808) has occurred while \output is active []

 [7 <./figures/alpha_mvmtl1.pdf> <./figures/alpha_mvmtl2.pdf> <./figures/radius
_mvmtl1.pdf> <./figures/radius_mvmtl2.pdf>] (./mvmtl_v6.bbl)
Underfull \hbox (badness 3713) in paragraph at lines 908--910
 \OT1/cmr/bx/n/10 Sin-gu-lar Value Thresh-old-ing Op-er-a-tor and
 []

[8] [9 <./figures/AMSE.pdf> <./figures/NMSE.pdf> <./figures/WMSE.pdf> <./figure
s/WRSE.pdf>] (./mvmtl_v6.aux) ) 
Here is how much of TeX's memory you used:
 3164 strings out of 493117
 41457 string characters out of 6135433
 130017 words of memory out of 5000000
 6538 multiletter control sequences out of 15000+600000
 14937 words of font info for 56 fonts, out of 8000000 for 9000
 1141 hyphenation exceptions out of 8191
 38i,15n,26p,1199b,416s stack positions out of 5000i,500n,10000p,200000b,80000s
</usr/local/texlive/2014/texmf-dist/fonts/type1/
public/amsfonts/cm/cmbx10.pfb></usr/local/texlive/2014/texmf-dist/fonts/type1/p
ublic/amsfonts/cm/cmbx9.pfb></usr/local/texlive/2014/texmf-dist/fonts/type1/pub
lic/amsfonts/cm/cmex10.pfb></usr/local/texlive/2014/texmf-dist/fonts/type1/publ
ic/amsfonts/cm/cmmi10.pfb></usr/local/texlive/2014/texmf-dist/fonts/type1/publi
c/amsfonts/cm/cmmi5.pfb></usr/local/texlive/2014/texmf-dist/fonts/type1/public/
amsfonts/cm/cmmi7.pfb></usr/local/texlive/2014/texmf-dist/fonts/type1/public/am
sfonts/cm/cmr10.pfb></usr/local/texlive/2014/texmf-dist/fonts/type1/public/amsf
onts/cm/cmr12.pfb></usr/local/texlive/2014/texmf-dist/fonts/type1/public/amsfon
ts/cm/cmr5.pfb></usr/local/texlive/2014/texmf-dist/fonts/type1/public/amsfonts/
cm/cmr7.pfb></usr/local/texlive/2014/texmf-dist/fonts/type1/public/amsfonts/cm/
cmr8.pfb></usr/local/texlive/2014/texmf-dist/fonts/type1/public/amsfonts/cm/cmr
9.pfb></usr/local/texlive/2014/texmf-dist/fonts/type1/public/amsfonts/cm/cmsy10
.pfb></usr/local/texlive/2014/texmf-dist/fonts/type1/public/amsfonts/cm/cmsy6.p
fb></usr/local/texlive/2014/texmf-dist/fonts/type1/public/amsfonts/cm/cmsy7.pfb
></usr/local/texlive/2014/texmf-dist/fonts/type1/public/amsfonts/cm/cmsy8.pfb><
/usr/local/texlive/2014/texmf-dist/fonts/type1/public/amsfonts/cm/cmti10.pfb></
usr/local/texlive/2014/texmf-dist/fonts/type1/public/amsfonts/cm/cmti9.pfb></us
r/local/texlive/2014/texmf-dist/fonts/type1/public/amsfonts/symbols/msbm10.pfb>

Output written on mvmtl_v6.pdf (9 pages, 620684 bytes).
PDF statistics:
 355 PDF objects out of 1000 (max. 8388607)
 249 compressed objects within 3 object streams
 0 named destinations out of 1000 (max. 500000)
 56 words of extra memory for PDF output out of 10000 (max. 10000000)

