This is pdfTeX, Version 3.1415926-1.40.10 (TeX Live 2009/Debian) (format=pdflatex 2015.2.11)  12 FEB 2015 13:56
entering extended mode
 %&-line parsing enabled.
**mvmtl_ijcai.tex
(./mvmtl_ijcai.tex
LaTeX2e <2009/09/24>
Babel <v3.8l> and hyphenation patterns for english, usenglishmax, dumylang, noh
yphenation, farsi, arabic, croatian, bulgarian, ukrainian, russian, czech, slov
ak, danish, dutch, finnish, french, basque, ngerman, german, german-x-2009-06-1
9, ngerman-x-2009-06-19, ibycus, monogreek, greek, ancientgreek, hungarian, san
skrit, italian, latin, latvian, lithuanian, mongolian2a, mongolian, bokmal, nyn
orsk, romanian, irish, coptic, serbian, turkish, welsh, esperanto, uppersorbian
, estonian, indonesian, interlingua, icelandic, kurmanji, slovenian, polish, po
rtuguese, spanish, galician, catalan, swedish, ukenglish, pinyin, loaded.
IJCAI-15 Instructions for Authors
(/usr/share/texmf-texlive/tex/latex/base/article.cls
Document Class: article 2007/10/19 v1.4h Standard LaTeX document class
(/usr/share/texmf-texlive/tex/latex/base/size10.clo
File: size10.clo 2007/10/19 v1.4h Standard LaTeX file (size option)
)
\c@part=\count79
\c@section=\count80
\c@subsection=\count81
\c@subsubsection=\count82
\c@paragraph=\count83
\c@subparagraph=\count84
\c@figure=\count85
\c@table=\count86
\abovecaptionskip=\skip41
\belowcaptionskip=\skip42
\bibindent=\dimen102
) (./ijcai15.sty
Conference Style, version of 6 September 1995 (revised Nov 2010)
\titlebox=\skip43
Named Citation Style, version of 30 November 1994
) (/usr/share/texmf-texlive/tex/latex/psnfss/times.sty
Package: times 2005/04/12 PSNFSS-v9.2a (SPQR) 
) (./graphicx.sty
Package: graphicx 1999/02/16 v1.0f Enhanced LaTeX Graphics (DPC,SPQR)

(./keyval.sty
Package: keyval 1999/03/16 v1.13 key=value parser (DPC)
\KV@toks@=\toks14
) (./graphics.sty
Package: graphics 1996/10/31 v1.0c Standard LaTeX Graphics (DPC,SPQR)
 (./trig.sty
Package: trig 1999/03/16 v1.09 sin cos tan (DPC)
)
(/etc/texmf/tex/latex/config/graphics.cfg
File: graphics.cfg 2009/08/28 v1.8 graphics configuration of TeX Live
)
Package graphics Info: Driver file: pdftex.def on input line 82.

(/usr/share/texmf-texlive/tex/latex/pdftex-def/pdftex.def
File: pdftex.def 2010/03/12 v0.04p Graphics/color for pdfTeX
\Gread@gobject=\count87
))
\Gin@req@height=\dimen103
\Gin@req@width=\dimen104
) (./subfigure.sty
Package: subfigure 1995/03/06 v2.0 subfigure package

Package: subfigure 1995/03/06 v2.0
\c@subfigure=\count88
\c@lofdepth=\count89
\c@subtable=\count90
\c@lotdepth=\count91
) (./natbib.sty
Package: natbib 2009/07/16 8.31 (PWD, AO)
\bibhang=\skip44
\bibsep=\skip45
LaTeX Info: Redefining \cite on input line 694.
LaTeX Info: Redefining \citeauthor on input line 712.
LaTeX Info: Redefining \citeyear on input line 735.
\c@NAT@ctr=\count92
) (./algorithm.sty
Package: algorithm 

Document Style `algorithm' - floating environment
(/usr/share/texmf-texlive/tex/latex/float/float.sty
Package: float 2001/11/08 v1.3d Float enhancements (AL)
\c@float@type=\count93
\float@exts=\toks15
\float@box=\box26
\@float@everytoks=\toks16
\@floatcapt=\box27
)
(/usr/share/texmf-texlive/tex/latex/base/ifthen.sty
Package: ifthen 2001/05/26 v1.1c Standard LaTeX ifthen package (DPC)
)
\@float@every@algorithm=\toks17
\c@algorithm=\count94
) (./algorithmic.sty
Package: algorithmic 

Document Style `algorithmic' - environment
(/usr/share/texmf-texlive/tex/latex/tools/calc.sty
Package: calc 2007/08/22 v4.3 Infix arithmetic (KKT,FJ)
\calc@Acount=\count95
\calc@Bcount=\count96
\calc@Adimen=\dimen105
\calc@Bdimen=\dimen106
\calc@Askip=\skip46
\calc@Bskip=\skip47
LaTeX Info: Redefining \setlength on input line 76.
LaTeX Info: Redefining \addtolength on input line 77.
\calc@Ccount=\count97
\calc@Cskip=\skip48
)
\c@ALC@line=\count98
\c@ALC@rem=\count99
\ALC@tlm=\skip49
)
(/usr/share/texmf-texlive/tex/latex/hyperref/hyperref.sty
Package: hyperref 2009/10/09 v6.79a Hypertext links for LaTeX

(/usr/share/texmf-texlive/tex/generic/oberdiek/ifpdf.sty
Package: ifpdf 2009/04/10 v2.0 Provides the ifpdf switch (HO)
Package ifpdf Info: pdfTeX in pdf mode detected.
)
(/usr/share/texmf-texlive/tex/generic/oberdiek/ifvtex.sty
Package: ifvtex 2008/11/04 v1.4 Switches for detecting VTeX and its modes (HO)
Package ifvtex Info: VTeX not detected.
)
(/usr/share/texmf-texlive/tex/generic/ifxetex/ifxetex.sty
Package: ifxetex 2009/01/23 v0.5 Provides ifxetex conditional
)
(/usr/share/texmf-texlive/tex/latex/oberdiek/hycolor.sty
Package: hycolor 2009/10/02 v1.5 Code for color options of hyperref/bookmark (H
O)

(/usr/share/texmf-texlive/tex/latex/oberdiek/xcolor-patch.sty
Package: xcolor-patch 2009/10/02 xcolor patch
))
\@linkdim=\dimen107
\Hy@linkcounter=\count100
\Hy@pagecounter=\count101

(/usr/share/texmf-texlive/tex/latex/hyperref/pd1enc.def
File: pd1enc.def 2009/10/09 v6.79a Hyperref: PDFDocEncoding definition (HO)
)
(/usr/share/texmf-texlive/tex/generic/oberdiek/etexcmds.sty
Package: etexcmds 2007/12/12 v1.2 Prefix for e-TeX command names (HO)

(/usr/share/texmf-texlive/tex/generic/oberdiek/infwarerr.sty
Package: infwarerr 2007/09/09 v1.2 Providing info/warning/message (HO)
)
Package etexcmds Info: Could not find \expanded.
(etexcmds)             That can mean that you are not using pdfTeX 1.50 or
(etexcmds)             that some package has redefined \expanded.
(etexcmds)             In the latter case, load this package earlier.
)
(/usr/share/texmf-texlive/tex/latex/latexconfig/hyperref.cfg
File: hyperref.cfg 2002/06/06 v1.2 hyperref configuration of TeXLive
)
(/usr/share/texmf-texlive/tex/latex/oberdiek/kvoptions.sty
Package: kvoptions 2009/08/13 v3.4 Keyval support for LaTeX options (HO)

(/usr/share/texmf-texlive/tex/generic/oberdiek/kvsetkeys.sty
Package: kvsetkeys 2009/07/30 v1.5 Key value parser with default handler suppor
t (HO)
))
Package hyperref Info: Hyper figures OFF on input line 2975.
Package hyperref Info: Link nesting OFF on input line 2980.
Package hyperref Info: Hyper index ON on input line 2983.
Package hyperref Info: Plain pages OFF on input line 2990.
Package hyperref Info: Backreferencing OFF on input line 2995.

Implicit mode ON; LaTeX internals redefined
Package hyperref Info: Bookmarks ON on input line 3191.
(/usr/share/texmf-texlive/tex/latex/ltxmisc/url.sty
\Urlmuskip=\muskip10
Package: url 2006/04/12  ver 3.3  Verb mode for urls, etc.
)
LaTeX Info: Redefining \url on input line 3428.

(/usr/share/texmf-texlive/tex/generic/oberdiek/bitset.sty
Package: bitset 2007/09/28 v1.0 Data type bit set (HO)

(/usr/share/texmf-texlive/tex/generic/oberdiek/intcalc.sty
Package: intcalc 2007/09/27 v1.1 Expandable integer calculations (HO)
)
(/usr/share/texmf-texlive/tex/generic/oberdiek/bigintcalc.sty
Package: bigintcalc 2007/11/11 v1.1 Expandable big integer calculations (HO)

(/usr/share/texmf-texlive/tex/generic/oberdiek/pdftexcmds.sty
Package: pdftexcmds 2009/09/23 v0.6 LuaTeX support for pdfTeX utility functions
 (HO)

(/usr/share/texmf-texlive/tex/generic/oberdiek/ifluatex.sty
Package: ifluatex 2009/04/17 v1.2 Provides the ifluatex switch (HO)
Package ifluatex Info: LuaTeX not detected.
)
(/usr/share/texmf-texlive/tex/generic/oberdiek/ltxcmds.sty
Package: ltxcmds 2009/08/05 v1.0 Some LaTeX kernel commands for general use (HO
)
)
Package pdftexcmds Info: LuaTeX not detected.
Package pdftexcmds Info: \pdf@primitive is available.
Package pdftexcmds Info: \pdf@ifprimitive is available.
)))
\Fld@menulength=\count102
\Field@Width=\dimen108
\Fld@charsize=\dimen109
\Field@toks=\toks18
Package hyperref Info: Hyper figures OFF on input line 4377.
Package hyperref Info: Link nesting OFF on input line 4382.
Package hyperref Info: Hyper index ON on input line 4385.
Package hyperref Info: backreferencing OFF on input line 4392.
Package hyperref Info: Link coloring OFF on input line 4397.
Package hyperref Info: Link coloring with OCG OFF on input line 4402.
Package hyperref Info: PDF/A mode OFF on input line 4407.

(/usr/share/texmf-texlive/tex/generic/oberdiek/atbegshi.sty
Package: atbegshi 2008/07/31 v1.9 At begin shipout hook (HO)
)
\Hy@abspage=\count103
\c@Item=\count104
\c@Hfootnote=\count105
)
*hyperref using default driver hpdftex*
(/usr/share/texmf-texlive/tex/latex/hyperref/hpdftex.def
File: hpdftex.def 2009/10/09 v6.79a Hyperref driver for pdfTeX
\Fld@listcount=\count106
)
(/usr/share/texmf-texlive/tex/latex/amscls/amsthm.sty
Package: amsthm 2004/08/06 v2.20
\thm@style=\toks19
\thm@bodyfont=\toks20
\thm@headfont=\toks21
\thm@notefont=\toks22
\thm@headpunct=\toks23
\thm@preskip=\skip50
\thm@postskip=\skip51
\thm@headsep=\skip52
\dth@everypar=\toks24
)
(/usr/share/texmf-texlive/tex/latex/amsmath/amsmath.sty
Package: amsmath 2000/07/18 v2.13 AMS math features
\@mathmargin=\skip53

For additional information on amsmath, use the `?' option.
(/usr/share/texmf-texlive/tex/latex/amsmath/amstext.sty
Package: amstext 2000/06/29 v2.01

(/usr/share/texmf-texlive/tex/latex/amsmath/amsgen.sty
File: amsgen.sty 1999/11/30 v2.0
\@emptytoks=\toks25
\ex@=\dimen110
))
(/usr/share/texmf-texlive/tex/latex/amsmath/amsbsy.sty
Package: amsbsy 1999/11/29 v1.2d
\pmbraise@=\dimen111
)
(/usr/share/texmf-texlive/tex/latex/amsmath/amsopn.sty
Package: amsopn 1999/12/14 v2.01 operator names
)
\inf@bad=\count107
LaTeX Info: Redefining \frac on input line 211.
\uproot@=\count108
\leftroot@=\count109
LaTeX Info: Redefining \overline on input line 307.
\classnum@=\count110
\DOTSCASE@=\count111
LaTeX Info: Redefining \ldots on input line 379.
LaTeX Info: Redefining \dots on input line 382.
LaTeX Info: Redefining \cdots on input line 467.
\Mathstrutbox@=\box28
\strutbox@=\box29
\big@size=\dimen112
LaTeX Font Info:    Redeclaring font encoding OML on input line 567.
LaTeX Font Info:    Redeclaring font encoding OMS on input line 568.
\macc@depth=\count112
\c@MaxMatrixCols=\count113
\dotsspace@=\muskip11
\c@parentequation=\count114
\dspbrk@lvl=\count115
\tag@help=\toks26
\row@=\count116
\column@=\count117
\maxfields@=\count118
\andhelp@=\toks27
\eqnshift@=\dimen113
\alignsep@=\dimen114
\tagshift@=\dimen115
\tagwidth@=\dimen116
\totwidth@=\dimen117
\lineht@=\dimen118
\@envbody=\toks28
\multlinegap=\skip54
\multlinetaggap=\skip55
\mathdisplay@stack=\toks29
LaTeX Info: Redefining \[ on input line 2666.
LaTeX Info: Redefining \] on input line 2667.
)
(/usr/share/texmf-texlive/tex/latex/amsfonts/amssymb.sty
Package: amssymb 2009/06/22 v3.00

(/usr/share/texmf-texlive/tex/latex/amsfonts/amsfonts.sty
Package: amsfonts 2009/06/22 v3.00 Basic AMSFonts support
\symAMSa=\mathgroup4
\symAMSb=\mathgroup5
LaTeX Font Info:    Overwriting math alphabet `\mathfrak' in version `bold'
(Font)                  U/euf/m/n --> U/euf/b/n on input line 96.
))
\c@thm_counter=\count119
\c@lem_counter=\count120
\c@pro_counter=\count121
\c@ass_counter=\count122
 (./mvmtl_ijcai.aux)
\openout1 = `mvmtl_ijcai.aux'.

LaTeX Font Info:    Checking defaults for OML/cmm/m/it on input line 50.
LaTeX Font Info:    ... okay on input line 50.
LaTeX Font Info:    Checking defaults for T1/cmr/m/n on input line 50.
LaTeX Font Info:    ... okay on input line 50.
LaTeX Font Info:    Checking defaults for OT1/cmr/m/n on input line 50.
LaTeX Font Info:    ... okay on input line 50.
LaTeX Font Info:    Checking defaults for OMS/cmsy/m/n on input line 50.
LaTeX Font Info:    ... okay on input line 50.
LaTeX Font Info:    Checking defaults for OMX/cmex/m/n on input line 50.
LaTeX Font Info:    ... okay on input line 50.
LaTeX Font Info:    Checking defaults for U/cmr/m/n on input line 50.
LaTeX Font Info:    ... okay on input line 50.
LaTeX Font Info:    Checking defaults for PD1/pdf/m/n on input line 50.
LaTeX Font Info:    ... okay on input line 50.
LaTeX Font Info:    Try loading font information for OT1+ptm on input line 50.
(/usr/share/texmf-texlive/tex/latex/psnfss/ot1ptm.fd
File: ot1ptm.fd 2001/06/04 font definitions for OT1/ptm.
)
(/usr/share/texmf-texlive/tex/context/base/supp-pdf.mkii
[Loading MPS to PDF converter (version 2006.09.02).]
\scratchcounter=\count123
\scratchdimen=\dimen119
\scratchbox=\box30
\nofMPsegments=\count124
\nofMParguments=\count125
\everyMPshowfont=\toks30
\MPscratchCnt=\count126
\MPscratchDim=\dimen120
\MPnumerator=\count127
\everyMPtoPDFconversion=\toks31
)
Package hyperref Info: Link coloring OFF on input line 50.
 (/usr/share/texmf-texlive/tex/latex/hyperref/nameref.sty
Package: nameref 2007/05/29 v2.31 Cross-referencing by name of section

(/usr/share/texmf-texlive/tex/latex/oberdiek/refcount.sty
Package: refcount 2008/08/11 v3.1 Data extraction from references (HO)
)
\c@section@level=\count128
)
LaTeX Info: Redefining \ref on input line 50.
LaTeX Info: Redefining \pageref on input line 50.
 (./mvmtl_ijcai.out) (./mvmtl_ijcai.out)
\@outlinefile=\write3
\openout3 = `mvmtl_ijcai.out'.

\AtBeginShipoutBox=\box31
LaTeX Font Info:    Font shape `OT1/ptm/bx/n' in size <14.4> not available
(Font)              Font shape `OT1/ptm/b/n' tried instead on input line 72.
LaTeX Font Info:    Font shape `OT1/ptm/bx/n' in size <12> not available
(Font)              Font shape `OT1/ptm/b/n' tried instead on input line 72.
LaTeX Font Info:    Try loading font information for U+msa on input line 72.
 (/usr/share/texmf-texlive/tex/latex/amsfonts/umsa.fd
File: umsa.fd 2009/06/22 v3.00 AMS symbols A
)
LaTeX Font Info:    Try loading font information for U+msb on input line 72.

(/usr/share/texmf-texlive/tex/latex/amsfonts/umsb.fd
File: umsb.fd 2009/06/22 v3.00 AMS symbols B
)

LaTeX Warning: No \author given.


Underfull \hbox (badness 1122) in paragraph at lines 122--133
[]\OT1/ptm/m/n/10 There are sev-eral im-por-tant top-ics in MTL in-clud-ing
 []


Underfull \vbox (badness 1400) has occurred while \output is active []

 [1{/var/lib/texmf/fonts/map/pdftex/updmap/pdftex.map}



]
LaTeX Font Info:    Font shape `OT1/ptm/bx/n' in size <10.95> not available
(Font)              Font shape `OT1/ptm/b/n' tried instead on input line 172.
LaTeX Font Info:    Try loading font information for OMS+ptm on input line 223.


(/usr/share/texmf-texlive/tex/latex/psnfss/omsptm.fd
File: omsptm.fd 
)
LaTeX Font Info:    Font shape `OMS/ptm/m/n' in size <10> not available
(Font)              Font shape `OMS/cmsy/m/n' tried instead on input line 223.

Overfull \hbox (5.01077pt too wide) in paragraph at lines 223--225
 [] 
 []

[2]
Underfull \hbox (badness 7631) in paragraph at lines 348--366
\OT1/ptm/m/n/10 where the reg-u-lar-izer $\OML/cmm/m/it/10 []\OT1/cmr/m/n/10 (
\OML/cmm/m/it/10 W\OT1/cmr/m/n/10 )$ \OT1/ptm/m/n/10 and the con-straint
 []

LaTeX Font Info:    Font shape `OT1/ptm/bx/n' in size <10> not available
(Font)              Font shape `OT1/ptm/b/n' tried instead on input line 414.


pdfTeX warning: pdflatex (file ./figures/mtl1.pdf): PDF inclusion: found PDF ve
rsion <1.7>, but at most version <1.4> allowed
<figures/mtl1.pdf, id=142, 735.74875pt x 415.5525pt>
File: figures/mtl1.pdf Graphic file (type pdf)
 <use figures/mtl1.pdf>
Overfull \hbox (9.03543pt too wide) in paragraph at lines 430--431
[][] 
 []

Package hyperref Info: bookmark level for unknown algorithm defaults to 0 on in
put line 438.
[3 <./figures/mtl1.pdf>]

pdfTeX warning: pdflatex (file ./figures/mtl2.pdf): PDF inclusion: found PDF ve
rsion <1.7>, but at most version <1.4> allowed
<figures/mtl2.pdf, id=168, 928.46875pt x 820.06375pt>
File: figures/mtl2.pdf Graphic file (type pdf)
 <use figures/mtl2.pdf>
Overfull \hbox (9.03125pt too wide) in paragraph at lines 465--466
[][] 
 []

[4 <./figures/mtl2.pdf>]
Underfull \hbox (badness 10000) in paragraph at lines 702--704
\OT1/ptm/m/n/10 The vol-ume con-trol per-for-mance of the pro-posed
 []


Underfull \hbox (badness 10000) in paragraph at lines 702--704
\OT1/ptm/m/n/10 al-go-rithms is pre-sented in this ex-per-i-ment. Set
 []


Underfull \hbox (badness 6032) in paragraph at lines 702--704
\OML/cmm/m/it/10  \OT1/cmr/m/n/10 = [0\OML/cmm/m/it/10 ; \OT1/cmr/m/n/10 10\OM
L/cmm/m/it/10 ; \OT1/cmr/m/n/10 20\OML/cmm/m/it/10 ; []  ; \OT1/cmr/m/n/10 50\O
ML/cmm/m/it/10 ; \OT1/cmr/m/n/10 100\OML/cmm/m/it/10 ; \OT1/cmr/m/n/10 200\OML/
cmm/m/it/10 ; []  ; \OT1/cmr/m/n/10 500\OML/cmm/m/it/10 ; \OT1/cmr/m/n/10 1000]
$\OT1/ptm/m/n/10 , and
 []

<figures/alpha_mvmtl1.pdf, id=206, 1327.96124pt x 911.405pt>
File: figures/alpha_mvmtl1.pdf Graphic file (type pdf)

<use figures/alpha_mvmtl1.pdf>
<figures/alpha_mvmtl2.pdf, id=207, 1327.96124pt x 911.405pt>
File: figures/alpha_mvmtl2.pdf Graphic file (type pdf)

<use figures/alpha_mvmtl2.pdf>
Overfull \hbox (261.97874pt too wide) in paragraph at lines 710--714
 []$[]$ 
 []

<figures/radius_mvmtl1.pdf, id=208, 1327.96124pt x 911.405pt>
File: figures/radius_mvmtl1.pdf Graphic file (type pdf)

<use figures/radius_mvmtl1.pdf>
<figures/radius_mvmtl2.pdf, id=209, 1327.96124pt x 911.405pt>
File: figures/radius_mvmtl2.pdf Graphic file (type pdf)

<use figures/radius_mvmtl2.pdf>
Overfull \hbox (261.97874pt too wide) in paragraph at lines 720--724
 []$ 
 []

<figures/AMSE.pdf, id=212, 985.6825pt x 726.715pt>
File: figures/AMSE.pdf Graphic file (type pdf)
 <use figures/AMSE.pdf>
<figures/NMSE.pdf, id=213, 985.6825pt x 726.715pt>
File: figures/NMSE.pdf Graphic file (type pdf)
 <use figures/NMSE.pdf>
<figures/WMSE.pdf, id=214, 985.6825pt x 726.715pt>
File: figures/WMSE.pdf Graphic file (type pdf)
 <use figures/WMSE.pdf>
<figures/WRSE.pdf, id=215, 985.6825pt x 726.715pt>
File: figures/WRSE.pdf Graphic file (type pdf)
 <use figures/WRSE.pdf>
Overfull \hbox (261.97874pt too wide) in paragraph at lines 737--743
[]$[]$ 
 []

LaTeX Font Info:    Font shape `OT1/ptm/bx/n' in size <9> not available
(Font)              Font shape `OT1/ptm/b/n' tried instead on input line 782.

Overfull \hbox (8.56274pt too wide) in paragraph at lines 776--795
[][] 
 []


Overfull \hbox (8.56274pt too wide) in paragraph at lines 801--820
[][] 
 []

[5 <./figures/alpha_mvmtl1.pdf> <./figures/alpha_mvmtl2.pdf>] [6 <./figures/rad
ius_mvmtl1.pdf> <./figures/radius_mvmtl2.pdf> <./figures/AMSE.pdf> <./figures/N
MSE.pdf> <./figures/WMSE.pdf> <./figures/WRSE.pdf>] (./mvmtl_ijcai.bbl
Underfull \hbox (badness 1215) in paragraph at lines 38--42
[]\OT1/ptm/m/n/10 Pinghua Gong, Jieping Ye, and Chang-shui Zhang.
 []

) [7] (./mvmtl_ijcai.aux)

LaTeX Warning: Label(s) may have changed. Rerun to get cross-references right.

 ) 
Here is how much of TeX's memory you used:
 6147 strings out of 493848
 84965 string characters out of 1152823
 185315 words of memory out of 3000000
 9213 multiletter control sequences out of 15000+50000
 31460 words of font info for 75 fonts, out of 3000000 for 9000
 714 hyphenation exceptions out of 8191
 38i,14n,36p,1196b,421s stack positions out of 5000i,500n,10000p,200000b,50000s
{/usr/share/texmf-texlive/fonts/enc/dvips/base/8r.enc}</usr/share/texmf-texli
ve/fonts/type1/public/amsfonts/cm/cmbx10.pfb></usr/share/texmf-texlive/fonts/ty
pe1/public/amsfonts/cm/cmex10.pfb></usr/share/texmf-texlive/fonts/type1/public/
amsfonts/cm/cmmi10.pfb></usr/share/texmf-texlive/fonts/type1/public/amsfonts/cm
/cmmi5.pfb></usr/share/texmf-texlive/fonts/type1/public/amsfonts/cm/cmmi7.pfb><
/usr/share/texmf-texlive/fonts/type1/public/amsfonts/cm/cmr10.pfb></usr/share/t
exmf-texlive/fonts/type1/public/amsfonts/cm/cmr5.pfb></usr/share/texmf-texlive/
fonts/type1/public/amsfonts/cm/cmr7.pfb></usr/share/texmf-texlive/fonts/type1/p
ublic/amsfonts/cm/cmsy10.pfb></usr/share/texmf-texlive/fonts/type1/public/amsfo
nts/cm/cmsy7.pfb></usr/share/texmf-texlive/fonts/type1/public/amsfonts/symbols/
msbm10.pfb></usr/share/texmf-texlive/fonts/type1/urw/times/utmb8a.pfb></usr/sha
re/texmf-texlive/fonts/type1/urw/times/utmr8a.pfb></usr/share/texmf-texlive/fon
ts/type1/urw/times/utmri8a.pfb>
Output written on mvmtl_ijcai.pdf (7 pages, 582325 bytes).
PDF statistics:
 520 PDF objects out of 1000 (max. 8388607)
 76 named destinations out of 1000 (max. 500000)
 195 words of extra memory for PDF output out of 10000 (max. 10000000)

